SF:lib/core/models/taste_profile.dart
DA:6,1
DA:18,1
DA:19,1
DA:20,1
DA:21,1
DA:22,1
DA:23,1
DA:27,1
DA:28,1
DA:29,2
DA:30,2
DA:31,2
DA:32,2
DA:36,1
DA:42,1
DA:43,0
DA:44,1
DA:45,0
DA:46,1
DA:50,1
DA:51,1
DA:52,1
DA:53,4
DA:54,4
DA:55,4
DA:56,4
DA:59,1
DA:65,5
DA:66,4
DA:67,1
DA:69,1
DA:74,1
DA:75,1
DA:76,1
DA:77,1
DA:78,1
DA:79,1
LF:37
LH:35
end_of_record
SF:lib/core/models/beer.dart
DA:6,2
DA:18,2
DA:21,1
DA:35,1
DA:36,1
DA:37,1
DA:38,1
DA:39,1
DA:40,1
DA:41,1
DA:42,1
DA:43,1
DA:44,1
DA:45,1
DA:47,1
DA:48,2
DA:53,0
DA:67,0
DA:68,0
DA:69,0
DA:70,0
DA:71,0
DA:72,0
DA:73,0
DA:74,0
DA:75,0
DA:76,0
DA:77,0
DA:78,0
DA:82,0
DA:83,0
DA:85,0
DA:86,0
DA:87,0
DA:88,0
DA:89,0
DA:90,0
DA:91,0
DA:92,0
DA:93,0
DA:94,0
DA:98,0
DA:99,0
DA:100,0
DA:103,0
DA:106,0
DA:107,0
DA:109,0
DA:111,0
DA:112,0
DA:113,0
DA:117,0
DA:118,0
DA:119,0
DA:120,0
DA:121,0
DA:122,0
DA:128,0
DA:133,0
DA:134,0
DA:136,0
DA:137,0
DA:138,0
DA:139,0
DA:140,0
DA:149,0
DA:150,0
DA:153,0
DA:154,0
DA:158,0
LF:70
LH:16
end_of_record
SF:lib/core/services/localized_text.dart
DA:2,0
DA:4,3
DA:5,3
DA:9,3
DA:10,6
DA:11,3
DA:12,3
DA:16,6
DA:19,3
DA:22,0
DA:23,0
DA:24,0
DA:25,0
DA:30,0
DA:31,0
DA:35,0
DA:38,0
DA:44,0
DA:49,0
DA:50,0
DA:53,0
DA:58,0
DA:62,0
DA:63,0
DA:64,0
DA:68,0
DA:69,0
DA:70,0
DA:71,0
DA:76,0
DA:77,0
DA:84,0
DA:85,0
DA:90,0
DA:101,0
DA:106,0
DA:110,0
DA:111,0
DA:112,0
DA:116,0
DA:117,0
DA:118,0
DA:119,0
DA:124,0
DA:125,0
DA:131,0
DA:132,0
DA:142,0
DA:147,0
DA:151,0
DA:152,0
DA:153,0
DA:154,0
DA:157,0
DA:158,0
DA:159,0
DA:160,0
DA:161,0
DA:165,0
DA:166,0
DA:167,0
DA:171,0
DA:172,0
DA:173,0
LF:64
LH:8
end_of_record
SF:lib/core/models/ingredient.dart
DA:15,1
DA:16,1
DA:17,3
DA:18,1
DA:24,1
DA:30,1
DA:33,1
DA:41,1
DA:42,1
DA:43,1
DA:44,2
DA:45,1
DA:47,1
DA:48,2
DA:53,0
DA:61,0
DA:62,0
DA:63,0
DA:64,0
DA:65,0
DA:66,0
DA:70,0
DA:71,0
DA:73,0
DA:74,0
DA:75,0
DA:76,0
DA:80,0
DA:83,0
DA:84,0
DA:87,0
DA:88,0
DA:91,0
DA:92,0
DA:96,0
LF:35
LH:14
end_of_record
SF:lib/core/services/auth_service.dart
DA:18,1
DA:21,0
DA:24,2
DA:27,3
DA:32,1
DA:34,2
DA:35,1
DA:38,1
DA:39,3
DA:43,0
DA:44,0
DA:45,0
DA:46,0
DA:53,0
DA:54,0
DA:66,1
DA:68,2
DA:69,1
DA:72,1
DA:73,3
DA:77,0
DA:78,0
DA:79,0
DA:80,0
DA:86,0
DA:87,0
DA:97,0
DA:99,0
DA:100,0
DA:101,0
DA:102,0
DA:103,0
DA:109,0
DA:110,0
DA:119,0
DA:120,0
DA:121,0
DA:123,0
DA:125,0
DA:127,0
DA:129,0
DA:131,0
DA:133,0
DA:135,0
DA:138,0
LF:45
LH:13
end_of_record
SF:lib/main.dart
DA:13,0
DA:14,0
DA:15,0
DA:16,0
DA:20,1
DA:22,1
DA:24,1
DA:29,1
DA:31,1
DA:32,1
DA:64,1
DA:66,1
DA:68,1
DA:69,0
DA:73,0
DA:74,0
DA:75,0
DA:79,0
DA:81,0
DA:82,0
DA:83,0
DA:84,0
DA:86,0
DA:90,0
DA:92,0
DA:93,0
DA:94,0
DA:95,0
DA:97,0
DA:101,0
DA:103,0
DA:104,0
DA:106,0
DA:110,0
DA:112,0
DA:113,0
DA:114,0
DA:115,0
DA:116,0
DA:117,0
DA:119,0
DA:120,0
DA:121,0
DA:123,0
DA:127,0
DA:128,0
DA:129,0
DA:130,0
DA:131,0
DA:132,0
DA:135,0
DA:136,0
DA:137,0
DA:138,0
DA:139,0
DA:140,0
DA:141,0
DA:142,0
DA:146,0
DA:147,0
DA:148,0
DA:149,0
DA:151,0
DA:153,0
DA:155,0
DA:156,0
DA:158,0
DA:159,0
DA:160,0
DA:161,0
DA:163,0
DA:164,0
DA:165,0
DA:166,0
DA:167,0
DA:169,0
DA:172,0
DA:173,0
DA:174,0
DA:177,0
DA:178,0
DA:179,0
DA:180,0
DA:181,0
DA:182,0
DA:183,0
DA:184,0
DA:185,0
DA:188,0
DA:189,0
DA:190,0
DA:200,0
DA:202,0
DA:203,0
DA:204,0
DA:205,0
DA:206,0
DA:208,0
DA:209,0
DA:210,0
DA:215,0
DA:216,0
DA:217,0
DA:221,0
DA:222,0
DA:223,0
DA:225,0
DA:229,0
DA:230,0
DA:231,0
DA:232,0
DA:233,0
DA:234,0
DA:235,0
DA:236,0
DA:237,0
DA:238,0
DA:239,0
DA:242,0
DA:243,0
DA:244,0
DA:245,0
DA:248,0
DA:249,0
DA:250,0
DA:251,0
DA:255,0
DA:257,0
DA:258,0
DA:259,0
DA:260,0
DA:261,0
DA:262,0
DA:263,0
DA:264,0
DA:265,0
DA:266,0
DA:267,0
DA:268,0
DA:269,0
DA:270,0
DA:271,0
DA:274,0
DA:276,0
DA:277,0
DA:278,0
DA:280,0
DA:281,0
DA:283,0
DA:289,0
DA:290,0
DA:291,0
DA:292,0
DA:293,0
DA:298,0
DA:299,0
DA:300,0
DA:307,0
DA:308,0
DA:309,0
DA:310,0
DA:314,0
DA:315,0
DA:319,0
DA:320,0
DA:331,0
DA:332,0
DA:333,0
DA:334,0
DA:335,0
DA:340,0
DA:341,0
DA:342,0
DA:348,0
DA:349,0
DA:354,0
DA:355,0
DA:358,0
DA:359,0
DA:360,0
DA:361,0
DA:364,0
DA:365,0
DA:366,0
DA:368,0
DA:371,0
DA:372,0
DA:373,0
DA:378,0
DA:379,0
DA:380,0
DA:381,0
DA:393,0
DA:394,0
DA:395,0
DA:396,0
DA:397,0
DA:402,0
DA:403,0
DA:404,0
DA:410,0
DA:411,0
DA:414,0
DA:415,0
DA:416,0
DA:417,0
DA:418,0
DA:426,0
DA:427,0
DA:428,0
DA:437,0
DA:438,0
DA:439,0
DA:440,0
DA:441,0
DA:447,0
DA:448,0
DA:449,0
DA:458,0
DA:459,0
DA:462,0
DA:463,0
DA:468,0
DA:469,0
DA:470,0
DA:471,0
DA:475,0
DA:476,0
DA:479,0
DA:480,0
DA:492,0
DA:493,0
DA:494,0
DA:495,0
DA:496,0
DA:497,0
DA:499,0
DA:500,0
DA:501,0
DA:504,0
DA:505,0
DA:507,0
DA:508,0
DA:509,0
DA:510,0
DA:512,0
DA:513,0
DA:514,0
DA:520,0
DA:526,0
DA:527,0
DA:529,0
DA:530,0
DA:531,0
DA:532,0
DA:534,0
DA:535,0
DA:537,0
DA:538,0
DA:542,0
DA:543,0
DA:544,0
DA:545,0
DA:547,0
DA:548,0
DA:549,0
DA:552,0
DA:553,0
DA:554,0
LF:269
LH:9
end_of_record
SF:lib/firebase_options.dart
DA:18,0
DA:22,0
DA:23,0
DA:25,0
DA:26,0
DA:30,0
DA:31,0
DA:35,0
DA:36,0
DA:40,0
DA:41,0
DA:46,0
LF:12
LH:0
end_of_record
